<?xml version="1.0" encoding="UTF-8"?>
<!-- Generated by org.testng.reporters.JUnitXMLReporter -->
<testsuite hostname="Sandeeps-MacBook.local" ignored="0" name="Default test" tests="9" failures="0" timestamp="06 Feb 2019 13:09:34 GMT" time="110.584" errors="0">
  <testcase name="searchProduct" time="40.437" classname="com.ebay.tests.PlaceOrderTest"/>
  <testcase name="clickSearchResult" time="7.339" classname="com.ebay.tests.PlaceOrderTest"/>
  <testcase name="checkElementsInProductDetail" time="1.241" classname="com.ebay.tests.PlaceOrderTest"/>
  <testcase name="checkElementsInProductDetail" time="0.95" classname="com.ebay.tests.PlaceOrderTest"/>
  <testcase name="checkElementsInProductDetail" time="1.004" classname="com.ebay.tests.PlaceOrderTest"/>
  <testcase name="tapBuyNowButton" time="6.24" classname="com.ebay.tests.PlaceOrderTest"/>
  <testcase name="loginToEbay" time="16.645" classname="com.ebay.tests.PlaceOrderTest"/>
  <testcase name="reviewOrder" time="10.192" classname="com.ebay.tests.PlaceOrderTest"/>
  <testcase name="scrollDownToCheckFinalPrice" time="5.946" classname="com.ebay.tests.PlaceOrderTest"/>
</testsuite> <!-- Default test -->
